<?xml version="1.0" encoding="UTF-8"?>
<!-- Generated by org.testng.reporters.JUnitReportReporter -->
<testsuite hostname="Priyanka" failures="0" tests="1" name="com.RestAPIBDD.TestSearialization_Deserialization" time="0.282" errors="0" timestamp="2025-07-11T09:37:02 IST" skipped="0">
  <testcase classname="com.RestAPIBDD.TestSearialization_Deserialization" name="testSearialization" time="0.282"/>
  <system-out/>
</testsuite> <!-- com.RestAPIBDD.TestSearialization_Deserialization -->
